0 info it worked if it ends with ok
1 verbose cli [ '/home/action/.parts/bin/node',
1 verbose cli   '/home/action/.parts/bin/npm',
1 verbose cli   'install',
1 verbose cli   'xdg-mime' ]
2 info using npm@1.4.3
3 info using node@v0.10.26
4 verbose node symlink /home/action/.parts/bin/node
5 warn package.json xdg@0.1.1 No repository field.
6 verbose readDependencies using package.json deps
7 verbose cache add [ 'xdg-mime', null ]
8 verbose cache add name=undefined spec="xdg-mime" args=["xdg-mime",null]
9 verbose parsed url { protocol: null,
9 verbose parsed url   slashes: null,
9 verbose parsed url   auth: null,
9 verbose parsed url   host: null,
9 verbose parsed url   port: null,
9 verbose parsed url   hostname: null,
9 verbose parsed url   hash: null,
9 verbose parsed url   search: null,
9 verbose parsed url   query: null,
9 verbose parsed url   pathname: 'xdg-mime',
9 verbose parsed url   path: 'xdg-mime',
9 verbose parsed url   href: 'xdg-mime' }
10 silly lockFile d11f36ce-xdg-mime xdg-mime
11 verbose lock xdg-mime /home/action/.npm/d11f36ce-xdg-mime.lock
12 silly lockFile d11f36ce-xdg-mime xdg-mime
13 silly lockFile d11f36ce-xdg-mime xdg-mime
14 verbose addNamed [ 'xdg-mime', '' ]
15 verbose addNamed [ null, '*' ]
16 silly lockFile 30730680-xdg-mime xdg-mime@
17 verbose lock xdg-mime@ /home/action/.npm/30730680-xdg-mime.lock
18 silly addNameRange { name: 'xdg-mime', range: '*', hasData: false }
19 verbose url raw xdg-mime
20 verbose url resolving [ 'https://registry.npmjs.org/', './xdg-mime' ]
21 verbose url resolved https://registry.npmjs.org/xdg-mime
22 info trying registry request attempt 1 at 14:56:05
23 http GET https://registry.npmjs.org/xdg-mime
24 http 404 https://registry.npmjs.org/xdg-mime
25 silly registry.get cb [ 404,
25 silly registry.get   { date: 'Fri, 05 Dec 2014 05:56:05 GMT',
25 silly registry.get     server: 'CouchDB/1.5.0 (Erlang OTP/R16B03)',
25 silly registry.get     'content-type': 'application/json',
25 silly registry.get     'cache-control': 'max-age=0',
25 silly registry.get     'content-length': '52',
25 silly registry.get     'accept-ranges': 'bytes',
25 silly registry.get     via: '1.1 varnish',
25 silly registry.get     age: '0',
25 silly registry.get     'x-served-by': 'cache-hk90-HKG',
25 silly registry.get     'x-cache': 'MISS',
25 silly registry.get     'x-cache-hits': '0',
25 silly registry.get     'x-timer': 'S1417758965.388538,VS0,VE241',
25 silly registry.get     'keep-alive': 'timeout=10, max=50',
25 silly registry.get     connection: 'Keep-Alive' } ]
26 silly lockFile 30730680-xdg-mime xdg-mime@
27 silly lockFile 30730680-xdg-mime xdg-mime@
28 error 404 'xdg-mime' is not in the npm registry.
28 error 404 You should bug the author to publish it
28 error 404 It was specified as a dependency of 'my-mean'
28 error 404
28 error 404 Note that you can also install from a
28 error 404 tarball, folder, or http url, or git url.
29 error System Linux 3.13.4
30 error command "/home/action/.parts/bin/node" "/home/action/.parts/bin/npm" "install" "xdg-mime"
31 error cwd /home/action/workspace/my_mean
32 error node -v v0.10.26
33 error npm -v 1.4.3
34 error code E404
35 verbose exit [ 1, true ]
